{"C:/Users/lysef/Downloads/Testdel2_nat/src/App.tsx": {"path":"C:/Users/lysef/Downloads/Testdel2_nat/src/App.tsx","statementMap":{"0":{"start":{"line":8,"column":27},"end":{"line":8,"column":null}},"1":{"start":{"line":9,"column":35},"end":{"line":9,"column":null}},"2":{"start":{"line":10,"column":33},"end":{"line":10,"column":null}},"3":{"start":{"line":12,"column":17},"end":{"line":14,"column":null}},"4":{"start":{"line":13,"column":2},"end":{"line":13,"column":null}},"5":{"start":{"line":16,"column":20},"end":{"line":18,"column":null}},"6":{"start":{"line":17,"column":2},"end":{"line":17,"column":null}},"7":{"start":{"line":17,"column":34},"end":{"line":17,"column":null}},"8":{"start":{"line":20,"column":22},"end":{"line":23,"column":null}},"9":{"start":{"line":21,"column":2},"end":{"line":21,"column":null}},"10":{"start":{"line":22,"column":2},"end":{"line":22,"column":null}},"11":{"start":{"line":25,"column":18},"end":{"line":33,"column":null}},"12":{"start":{"line":26,"column":2},"end":{"line":32,"column":null}},"13":{"start":{"line":27,"column":24},"end":{"line":27,"column":null}},"14":{"start":{"line":28,"column":3},"end":{"line":28,"column":null}},"15":{"start":{"line":29,"column":3},"end":{"line":29,"column":null}},"16":{"start":{"line":30,"column":3},"end":{"line":30,"column":null}},"17":{"start":{"line":31,"column":3},"end":{"line":31,"column":null}},"18":{"start":{"line":47,"column":23},"end":{"line":47,"column":null}},"19":{"start":{"line":57,"column":33},"end":{"line":57,"column":null}},"20":{"start":{"line":58,"column":35},"end":{"line":58,"column":null}}},"fnMap":{"0":{"name":"App","decl":{"start":{"line":7,"column":9},"end":{"line":7,"column":null}},"loc":{"start":{"line":7,"column":9},"end":{"line":64,"column":null}}},"1":{"name":"(anonymous_1)","decl":{"start":{"line":12,"column":17},"end":{"line":12,"column":18}},"loc":{"start":{"line":12,"column":18},"end":{"line":14,"column":null}}},"2":{"name":"(anonymous_2)","decl":{"start":{"line":16,"column":20},"end":{"line":16,"column":21}},"loc":{"start":{"line":16,"column":21},"end":{"line":18,"column":null}}},"3":{"name":"(anonymous_3)","decl":{"start":{"line":17,"column":24},"end":{"line":17,"column":25}},"loc":{"start":{"line":17,"column":34},"end":{"line":17,"column":null}}},"4":{"name":"(anonymous_4)","decl":{"start":{"line":20,"column":22},"end":{"line":20,"column":23}},"loc":{"start":{"line":20,"column":23},"end":{"line":23,"column":null}}},"5":{"name":"(anonymous_5)","decl":{"start":{"line":25,"column":18},"end":{"line":25,"column":null}},"loc":{"start":{"line":25,"column":18},"end":{"line":33,"column":null}}},"6":{"name":"(anonymous_6)","decl":{"start":{"line":47,"column":16},"end":{"line":47,"column":17}},"loc":{"start":{"line":47,"column":23},"end":{"line":47,"column":null}}},"7":{"name":"(anonymous_8)","decl":{"start":{"line":57,"column":27},"end":{"line":57,"column":33}},"loc":{"start":{"line":57,"column":33},"end":{"line":57,"column":null}}},"8":{"name":"(anonymous_9)","decl":{"start":{"line":58,"column":29},"end":{"line":58,"column":35}},"loc":{"start":{"line":58,"column":35},"end":{"line":58,"column":null}}}},"branchMap":{"0":{"loc":{"start":{"line":26,"column":2},"end":{"line":32,"column":null}},"type":"if","locations":[{"start":{"line":26,"column":2},"end":{"line":32,"column":null}},{"start":{},"end":{}}]},"1":{"loc":{"start":{"line":26,"column":6},"end":{"line":26,"column":52}},"type":"binary-expr","locations":[{"start":{"line":26,"column":6},"end":{"line":26,"column":28}},{"start":{"line":26,"column":28},"end":{"line":26,"column":52}}]},"2":{"loc":{"start":{"line":41,"column":4},"end":{"line":41,"column":null}},"type":"binary-expr","locations":[{"start":{"line":41,"column":4},"end":{"line":41,"column":null}}]}},"s":{"0":28,"1":28,"2":28,"3":28,"4":10,"5":28,"6":1,"7":2,"8":28,"9":4,"10":4,"11":28,"12":3,"13":2,"14":2,"15":2,"16":2,"17":2,"18":3,"19":4,"20":1},"f":{"0":28,"1":10,"2":1,"3":2,"4":4,"5":3,"6":3,"7":4,"8":1},"b":{"0":[2,1],"1":[3,3],"2":[28]}}
,"C:/Users/lysef/Downloads/Testdel2_nat/src/components/DeleteButton.tsx": {"path":"C:/Users/lysef/Downloads/Testdel2_nat/src/components/DeleteButton.tsx","statementMap":{"0":{"start":{"line":7,"column":44},"end":{"line":13,"column":null}}},"fnMap":{"0":{"name":"(anonymous_0)","decl":{"start":{"line":7,"column":44},"end":{"line":7,"column":45}},"loc":{"start":{"line":7,"column":56},"end":{"line":13,"column":null}}}},"branchMap":{},"s":{"0":2},"f":{"0":28},"b":{}}
,"C:/Users/lysef/Downloads/Testdel2_nat/src/components/EditButton.tsx": {"path":"C:/Users/lysef/Downloads/Testdel2_nat/src/components/EditButton.tsx","statementMap":{"0":{"start":{"line":7,"column":40},"end":{"line":13,"column":null}}},"fnMap":{"0":{"name":"(anonymous_0)","decl":{"start":{"line":7,"column":40},"end":{"line":7,"column":41}},"loc":{"start":{"line":7,"column":52},"end":{"line":13,"column":null}}}},"branchMap":{},"s":{"0":2},"f":{"0":28},"b":{}}
,"C:/Users/lysef/Downloads/Testdel2_nat/src/components/TodoForm.tsx": {"path":"C:/Users/lysef/Downloads/Testdel2_nat/src/components/TodoForm.tsx","statementMap":{"0":{"start":{"line":9,"column":25},"end":{"line":9,"column":null}},"1":{"start":{"line":11,"column":22},"end":{"line":14,"column":null}},"2":{"start":{"line":12,"column":2},"end":{"line":12,"column":null}},"3":{"start":{"line":13,"column":2},"end":{"line":13,"column":null}},"4":{"start":{"line":22,"column":21},"end":{"line":22,"column":null}}},"fnMap":{"0":{"name":"TodoForm","decl":{"start":{"line":8,"column":9},"end":{"line":8,"column":18}},"loc":{"start":{"line":8,"column":30},"end":{"line":27,"column":null}}},"1":{"name":"(anonymous_1)","decl":{"start":{"line":11,"column":22},"end":{"line":11,"column":23}},"loc":{"start":{"line":11,"column":23},"end":{"line":14,"column":null}}},"2":{"name":"(anonymous_2)","decl":{"start":{"line":22,"column":14},"end":{"line":22,"column":15}},"loc":{"start":{"line":22,"column":21},"end":{"line":22,"column":null}}}},"branchMap":{},"s":{"0":41,"1":41,"2":11,"3":11,"4":11},"f":{"0":41,"1":11,"2":11},"b":{}}
}
