{"C:/Users/lysef/Downloads/Testdel2_nat/src/App.tsx": {"path":"C:/Users/lysef/Downloads/Testdel2_nat/src/App.tsx","statementMap":{"0":{"start":{"line":8,"column":27},"end":{"line":8,"column":null}},"1":{"start":{"line":9,"column":35},"end":{"line":9,"column":null}},"2":{"start":{"line":11,"column":23},"end":{"line":20,"column":null}},"3":{"start":{"line":12,"column":2},"end":{"line":19,"column":null}},"4":{"start":{"line":13,"column":24},"end":{"line":13,"column":null}},"5":{"start":{"line":14,"column":3},"end":{"line":14,"column":null}},"6":{"start":{"line":15,"column":3},"end":{"line":15,"column":null}},"7":{"start":{"line":16,"column":3},"end":{"line":16,"column":null}},"8":{"start":{"line":18,"column":3},"end":{"line":18,"column":null}},"9":{"start":{"line":22,"column":20},"end":{"line":24,"column":null}},"10":{"start":{"line":23,"column":2},"end":{"line":23,"column":null}},"11":{"start":{"line":23,"column":34},"end":{"line":23,"column":null}},"12":{"start":{"line":26,"column":22},"end":{"line":28,"column":null}},"13":{"start":{"line":27,"column":2},"end":{"line":27,"column":null}},"14":{"start":{"line":44,"column":33},"end":{"line":44,"column":null}},"15":{"start":{"line":45,"column":35},"end":{"line":45,"column":null}}},"fnMap":{"0":{"name":"App","decl":{"start":{"line":7,"column":9},"end":{"line":7,"column":null}},"loc":{"start":{"line":7,"column":9},"end":{"line":51,"column":null}}},"1":{"name":"(anonymous_1)","decl":{"start":{"line":11,"column":23},"end":{"line":11,"column":24}},"loc":{"start":{"line":11,"column":24},"end":{"line":20,"column":null}}},"2":{"name":"(anonymous_2)","decl":{"start":{"line":22,"column":20},"end":{"line":22,"column":21}},"loc":{"start":{"line":22,"column":21},"end":{"line":24,"column":null}}},"3":{"name":"(anonymous_3)","decl":{"start":{"line":23,"column":24},"end":{"line":23,"column":25}},"loc":{"start":{"line":23,"column":34},"end":{"line":23,"column":null}}},"4":{"name":"(anonymous_4)","decl":{"start":{"line":26,"column":22},"end":{"line":26,"column":23}},"loc":{"start":{"line":26,"column":23},"end":{"line":28,"column":null}}},"5":{"name":"(anonymous_6)","decl":{"start":{"line":44,"column":27},"end":{"line":44,"column":33}},"loc":{"start":{"line":44,"column":33},"end":{"line":44,"column":null}}},"6":{"name":"(anonymous_7)","decl":{"start":{"line":45,"column":29},"end":{"line":45,"column":35}},"loc":{"start":{"line":45,"column":35},"end":{"line":45,"column":null}}}},"branchMap":{"0":{"loc":{"start":{"line":12,"column":2},"end":{"line":19,"column":null}},"type":"if","locations":[{"start":{"line":12,"column":2},"end":{"line":19,"column":null}},{"start":{"line":17,"column":9},"end":{"line":19,"column":null}}]},"1":{"loc":{"start":{"line":36,"column":17},"end":{"line":36,"column":null}},"type":"cond-expr","locations":[{"start":{"line":36,"column":38},"end":{"line":36,"column":54}},{"start":{"line":36,"column":57},"end":{"line":36,"column":null}}]}},"s":{"0":24,"1":24,"2":24,"3":12,"4":2,"5":2,"6":2,"7":2,"8":10,"9":24,"10":1,"11":2,"12":24,"13":4,"14":4,"15":1},"f":{"0":24,"1":12,"2":1,"3":2,"4":4,"5":4,"6":1},"b":{"0":[2,10],"1":[4,20]}}
,"C:/Users/lysef/Downloads/Testdel2_nat/src/components/DeleteButton.tsx": {"path":"C:/Users/lysef/Downloads/Testdel2_nat/src/components/DeleteButton.tsx","statementMap":{"0":{"start":{"line":7,"column":44},"end":{"line":18,"column":null}}},"fnMap":{"0":{"name":"(anonymous_0)","decl":{"start":{"line":7,"column":44},"end":{"line":7,"column":45}},"loc":{"start":{"line":7,"column":56},"end":{"line":18,"column":null}}}},"branchMap":{},"s":{"0":2},"f":{"0":24},"b":{}}
,"C:/Users/lysef/Downloads/Testdel2_nat/src/components/EditButton.tsx": {"path":"C:/Users/lysef/Downloads/Testdel2_nat/src/components/EditButton.tsx","statementMap":{"0":{"start":{"line":7,"column":40},"end":{"line":13,"column":null}}},"fnMap":{"0":{"name":"(anonymous_0)","decl":{"start":{"line":7,"column":40},"end":{"line":7,"column":41}},"loc":{"start":{"line":7,"column":52},"end":{"line":13,"column":null}}}},"branchMap":{},"s":{"0":2},"f":{"0":24},"b":{}}
,"C:/Users/lysef/Downloads/Testdel2_nat/src/components/TodoForm.tsx": {"path":"C:/Users/lysef/Downloads/Testdel2_nat/src/components/TodoForm.tsx","statementMap":{"0":{"start":{"line":11,"column":25},"end":{"line":11,"column":null}},"1":{"start":{"line":13,"column":1},"end":{"line":15,"column":null}},"2":{"start":{"line":14,"column":2},"end":{"line":14,"column":null}},"3":{"start":{"line":17,"column":22},"end":{"line":22,"column":null}},"4":{"start":{"line":18,"column":2},"end":{"line":18,"column":null}},"5":{"start":{"line":19,"column":2},"end":{"line":19,"column":null}},"6":{"start":{"line":19,"column":26},"end":{"line":19,"column":null}},"7":{"start":{"line":20,"column":2},"end":{"line":20,"column":null}},"8":{"start":{"line":21,"column":2},"end":{"line":21,"column":15}},"9":{"start":{"line":30,"column":21},"end":{"line":30,"column":null}}},"fnMap":{"0":{"name":"TodoForm","decl":{"start":{"line":10,"column":9},"end":{"line":10,"column":18}},"loc":{"start":{"line":10,"column":73},"end":{"line":35,"column":null}}},"1":{"name":"(anonymous_1)","decl":{"start":{"line":13,"column":11},"end":{"line":13,"column":null}},"loc":{"start":{"line":13,"column":11},"end":{"line":15,"column":4}}},"2":{"name":"(anonymous_2)","decl":{"start":{"line":17,"column":22},"end":{"line":17,"column":23}},"loc":{"start":{"line":17,"column":23},"end":{"line":22,"column":null}}},"3":{"name":"(anonymous_3)","decl":{"start":{"line":30,"column":14},"end":{"line":30,"column":15}},"loc":{"start":{"line":30,"column":21},"end":{"line":30,"column":null}}}},"branchMap":{"0":{"loc":{"start":{"line":10,"column":30},"end":{"line":10,"column":46}},"type":"default-arg","locations":[{"start":{"line":10,"column":44},"end":{"line":10,"column":46}}]},"1":{"loc":{"start":{"line":10,"column":48},"end":{"line":10,"column":64}},"type":"default-arg","locations":[{"start":{"line":10,"column":59},"end":{"line":10,"column":64}}]},"2":{"loc":{"start":{"line":19,"column":2},"end":{"line":19,"column":null}},"type":"if","locations":[{"start":{"line":19,"column":2},"end":{"line":19,"column":null}},{"start":{},"end":{}}]},"3":{"loc":{"start":{"line":32,"column":12},"end":{"line":32,"column":null}},"type":"cond-expr","locations":[{"start":{"line":32,"column":23},"end":{"line":32,"column":37}},{"start":{"line":32,"column":37},"end":{"line":32,"column":null}}]}},"s":{"0":60,"1":60,"2":17,"3":60,"4":16,"5":16,"6":2,"7":14,"8":14,"9":15},"f":{"0":60,"1":17,"2":16,"3":15},"b":{"0":[10],"1":[10],"2":[2,14],"3":[11,49]}}
}
